<?xml version="1.0" encoding="UTF-8"?>
<testng-results ignored="0" total="1" passed="1" failed="0" skipped="0">
  <reporter-output>
  </reporter-output>
  <suite started-at="2024-03-25T08:09:05 IST" name="Suite" finished-at="2024-03-25T08:09:16 IST" duration-ms="11544">
    <groups>
    </groups>
    <test started-at="2024-03-25T08:09:05 IST" name="Test" finished-at="2024-03-25T08:09:16 IST" duration-ms="11544">
      <class name="com.amazon.testscript.AddingItemsToCart">
        <test-method is-config="true" signature="openBrowser()[pri:0, instance:com.amazon.testscript.AddingItemsToCart@6e9175d8]" started-at="2024-03-25T08:09:05 IST" name="openBrowser" finished-at="2024-03-25T08:09:12 IST" duration-ms="7917" status="PASS">
          <reporter-output>
          </reporter-output>
        </test-method> <!-- openBrowser -->
        <test-method is-config="true" signature="login()[pri:0, instance:com.amazon.testscript.AddingItemsToCart@6e9175d8]" started-at="2024-03-25T08:09:12 IST" name="login" finished-at="2024-03-25T08:09:13 IST" duration-ms="613" status="PASS">
          <reporter-output>
          </reporter-output>
        </test-method> <!-- login -->
        <test-method signature="addItems()[pri:0, instance:com.amazon.testscript.AddingItemsToCart@6e9175d8]" started-at="2024-03-25T08:09:13 IST" name="addItems" finished-at="2024-03-25T08:09:13 IST" duration-ms="56" status="PASS">
          <reporter-output>
          </reporter-output>
        </test-method> <!-- addItems -->
        <test-method is-config="true" signature="logout()[pri:0, instance:com.amazon.testscript.AddingItemsToCart@6e9175d8]" started-at="2024-03-25T08:09:13 IST" name="logout" finished-at="2024-03-25T08:09:16 IST" duration-ms="2428" status="PASS">
          <reporter-output>
          </reporter-output>
        </test-method> <!-- logout -->
        <test-method is-config="true" signature="closeBrowser()[pri:0, instance:com.amazon.testscript.AddingItemsToCart@6e9175d8]" started-at="2024-03-25T08:09:16 IST" name="closeBrowser" finished-at="2024-03-25T08:09:16 IST" duration-ms="431" status="PASS">
          <reporter-output>
          </reporter-output>
        </test-method> <!-- closeBrowser -->
      </class> <!-- com.amazon.testscript.AddingItemsToCart -->
    </test> <!-- Test -->
  </suite> <!-- Suite -->
</testng-results>
