<?xml version="1.0" encoding="UTF-8"?>
<testng-results ignored="0" total="1" passed="1" failed="0" skipped="0">
  <reporter-output>
  </reporter-output>
  <suite started-at="2024-03-24T12:11:52 IST" name="Suite" finished-at="2024-03-24T12:12:04 IST" duration-ms="12158">
    <groups>
    </groups>
    <test started-at="2024-03-24T12:11:52 IST" name="Test" finished-at="2024-03-24T12:12:04 IST" duration-ms="12158">
      <class name="com.amazon.testscript.AddingItemsToCart">
        <test-method is-config="true" signature="openBrowser()[pri:0, instance:com.amazon.testscript.AddingItemsToCart@6e9175d8]" started-at="2024-03-24T12:11:52 IST" name="openBrowser" finished-at="2024-03-24T12:12:01 IST" duration-ms="9066" status="PASS">
          <reporter-output>
          </reporter-output>
        </test-method> <!-- openBrowser -->
        <test-method is-config="true" signature="login()[pri:0, instance:com.amazon.testscript.AddingItemsToCart@6e9175d8]" started-at="2024-03-24T12:12:01 IST" name="login" finished-at="2024-03-24T12:12:01 IST" duration-ms="558" status="PASS">
          <reporter-output>
          </reporter-output>
        </test-method> <!-- login -->
        <test-method signature="addItems()[pri:0, instance:com.amazon.testscript.AddingItemsToCart@6e9175d8]" started-at="2024-03-24T12:12:01 IST" name="addItems" finished-at="2024-03-24T12:12:01 IST" duration-ms="27" status="PASS">
          <reporter-output>
          </reporter-output>
        </test-method> <!-- addItems -->
        <test-method is-config="true" signature="logout()[pri:0, instance:com.amazon.testscript.AddingItemsToCart@6e9175d8]" started-at="2024-03-24T12:12:01 IST" name="logout" finished-at="2024-03-24T12:12:03 IST" duration-ms="2019" status="PASS">
          <reporter-output>
          </reporter-output>
        </test-method> <!-- logout -->
        <test-method is-config="true" signature="closeBrowser()[pri:0, instance:com.amazon.testscript.AddingItemsToCart@6e9175d8]" started-at="2024-03-24T12:12:03 IST" name="closeBrowser" finished-at="2024-03-24T12:12:04 IST" duration-ms="406" status="PASS">
          <reporter-output>
          </reporter-output>
        </test-method> <!-- closeBrowser -->
      </class> <!-- com.amazon.testscript.AddingItemsToCart -->
    </test> <!-- Test -->
  </suite> <!-- Suite -->
</testng-results>
